<?xml version="1.0" encoding="UTF-8"?>
<!-- Generated by org.testng.reporters.JUnitXMLReporter -->
<testsuite ignored="0" hostname="Ankit" failures="0" tests="2" name="testng" time="0.132" errors="0" timestamp="2020-09-23T05:13:52 EDT">
  <testcase classname="TestCases.LoginTestCase_01" name="@BeforeMethod setUp" time="0.068">
    <failure type="java.lang.IllegalStateException" message="The driver executable does not exist: E:\Drivers\chromedriver.exe">
      <![CDATA[java.lang.IllegalStateException: The driver executable does not exist: E:\Drivers\chromedriver.exe
at com.google.common.base.Preconditions.checkState(Preconditions.java:585)
at org.openqa.selenium.remote.service.DriverService.checkExecutable(DriverService.java:146)
at org.openqa.selenium.remote.service.DriverService.findExecutable(DriverService.java:141)
at org.openqa.selenium.chrome.ChromeDriverService.access$000(ChromeDriverService.java:35)
at org.openqa.selenium.chrome.ChromeDriverService$Builder.findDefaultExecutable(ChromeDriverService.java:159)
at org.openqa.selenium.remote.service.DriverService$Builder.build(DriverService.java:355)
at org.openqa.selenium.chrome.ChromeDriverService.createDefaultService(ChromeDriverService.java:94)
at org.openqa.selenium.chrome.ChromeDriver.<init>(ChromeDriver.java:123)
at Utilities.BaseClass.init(BaseClass.java:16)
at TestCases.LoginTestCase_01.setUp(LoginTestCase_01.java:20)
at java.base/java.util.ArrayList.forEach(ArrayList.java:1507)
... Removed 31 stack frames]]>
    </failure>
  </testcase> <!-- @BeforeMethod setUp -->
  <testcase classname="TestCases.LoginTestCase_01" name="@AfterMethod tearDown" time="-1.600852432815E9">
    <skipped/>
  </testcase> <!-- @AfterMethod tearDown -->
  <testcase classname="TestCases.LoginTestCase_01" name="@BeforeMethod setUp" time="-1.600852432818E9">
    <skipped/>
  </testcase> <!-- @BeforeMethod setUp -->
  <testcase classname="TestCases.LoginTestCase_01" name="@AfterMethod tearDown" time="-1.600852432825E9">
    <skipped/>
  </testcase> <!-- @AfterMethod tearDown -->
  <testcase classname="TestCases.LoginTestCase_01" name="verify_loginpageTitle" time="0.0">
    <skipped/>
  </testcase> <!-- verify_loginpageTitle -->
  <testcase classname="TestCases.LoginTestCase_01" name="verify_loginFunction" time="0.0">
    <skipped/>
  </testcase> <!-- verify_loginFunction -->
</testsuite> <!-- testng -->
